<?xml version="1.0" encoding="UTF-8"?>
<testng-results ignored="0" total="1" passed="1" failed="0" skipped="0">
  <reporter-output>
  </reporter-output>
  <suite started-at="2022-12-11T20:59:58 IST" name="Default suite" finished-at="2022-12-11T21:00:42 IST" duration-ms="44007">
    <groups>
    </groups>
    <test started-at="2022-12-11T20:59:58 IST" name="Default test" finished-at="2022-12-11T21:00:42 IST" duration-ms="44007">
      <class name="com.appium.Tests.FirstLoginTest">
        <test-method is-config="true" signature="Setup()[pri:0, instance:com.appium.Tests.FirstLoginTest@2f7298b]" started-at="2022-12-11T20:59:58 IST" name="Setup" finished-at="2022-12-11T21:00:15 IST" duration-ms="17089" status="PASS">
          <reporter-output>
          </reporter-output>
        </test-method> <!-- Setup -->
        <test-method signature="Test1()[pri:0, instance:com.appium.Tests.FirstLoginTest@2f7298b]" started-at="2022-12-11T21:00:15 IST" name="Test1" finished-at="2022-12-11T21:00:42 IST" duration-ms="26810" status="PASS">
          <reporter-output>
          </reporter-output>
        </test-method> <!-- Test1 -->
        <test-method is-config="true" signature="TearDown()[pri:0, instance:com.appium.Tests.FirstLoginTest@2f7298b]" started-at="2022-12-11T21:00:42 IST" name="TearDown" finished-at="2022-12-11T21:00:42 IST" duration-ms="1" status="PASS">
          <reporter-output>
          </reporter-output>
        </test-method> <!-- TearDown -->
      </class> <!-- com.appium.Tests.FirstLoginTest -->
    </test> <!-- Default test -->
  </suite> <!-- Default suite -->
</testng-results>
